[debug] [2018-02-15T21:16:12.769Z] ----------------------------------------------------------------------
[debug] [2018-02-15T21:16:12.771Z] Command:       /usr/local/Cellar/node/8.9.1/bin/node /usr/local/bin/firebase init
[debug] [2018-02-15T21:16:12.771Z] CLI Version:   3.17.4
[debug] [2018-02-15T21:16:12.771Z] Platform:      darwin
[debug] [2018-02-15T21:16:12.771Z] Node Version:  v8.9.1
[debug] [2018-02-15T21:16:12.772Z] Time:          Thu Feb 15 2018 14:16:12 GMT-0700 (MST)
[debug] [2018-02-15T21:16:12.772Z] ----------------------------------------------------------------------
[debug] 
[debug] [2018-02-15T21:16:12.781Z] > command requires scopes: ["email","openid","https://www.googleapis.com/auth/cloudplatformprojects.readonly","https://www.googleapis.com/auth/firebase"]
[debug] [2018-02-15T21:16:12.781Z] > authorizing via signed-in user
[info] 
     🔥🔥🔥🔥🔥🔥🔥🔥 🔥🔥🔥🔥 🔥🔥🔥🔥🔥🔥🔥🔥  🔥🔥🔥🔥🔥🔥🔥🔥 🔥🔥🔥🔥🔥🔥🔥🔥     🔥🔥🔥     🔥🔥🔥🔥🔥🔥  🔥🔥🔥🔥🔥🔥🔥🔥
     🔥🔥        🔥🔥  🔥🔥     🔥🔥 🔥🔥       🔥🔥     🔥🔥  🔥🔥   🔥🔥  🔥🔥       🔥🔥
     🔥🔥🔥🔥🔥🔥    🔥🔥  🔥🔥🔥🔥🔥🔥🔥🔥  🔥🔥🔥🔥🔥🔥   🔥🔥🔥🔥🔥🔥🔥🔥  🔥🔥🔥🔥🔥🔥🔥🔥🔥  🔥🔥🔥🔥🔥🔥  🔥🔥🔥🔥🔥🔥
     🔥🔥        🔥🔥  🔥🔥    🔥🔥  🔥🔥       🔥🔥     🔥🔥 🔥🔥     🔥🔥       🔥🔥 🔥🔥
     🔥🔥       🔥🔥🔥🔥 🔥🔥     🔥🔥 🔥🔥🔥🔥🔥🔥🔥🔥 🔥🔥🔥🔥🔥🔥🔥🔥  🔥🔥     🔥🔥  🔥🔥🔥🔥🔥🔥  🔥🔥🔥🔥🔥🔥🔥🔥

You're about to initialize a Firebase project in this directory:

  /Users/ayalag/Workspace/work_portfolio

[info] 
=== Project Setup
[info] 
[info] First, let's associate this project directory with a Firebase project.
[info] You can create multiple project aliases by running firebase use --add, 
[info] but for now we'll just set up a default project.
[info] 
[debug] [2018-02-15T21:16:31.341Z] > refreshing access token with scopes: ["email","https://www.googleapis.com/auth/cloudplatformprojects.readonly","https://www.googleapis.com/auth/firebase","openid"]
[debug] [2018-02-15T21:16:31.341Z] >>> HTTP REQUEST POST https://www.googleapis.com/oauth2/v3/token  
 { refresh_token: '1/94OdFov6q8g0Poe4lRabJuVDIUzYvDBHD_ApeUxVOQo',
  client_id: '563584335869-fgrhgmd47bqnekij5i8b5pr03ho849e6.apps.googleusercontent.com',
  client_secret: 'j9iVZfS8kkCEFUPaAeJV0sAi',
  grant_type: 'refresh_token',
  scope: 'email https://www.googleapis.com/auth/cloudplatformprojects.readonly https://www.googleapis.com/auth/firebase openid' } 
 Thu Feb 15 2018 14:16:31 GMT-0700 (MST)
[debug] [2018-02-15T21:16:31.786Z] <<< HTTP RESPONSE 200
[debug] [2018-02-15T21:16:31.801Z] >>> HTTP REQUEST GET https://admin.firebase.com/v1/projects  
  
 Thu Feb 15 2018 14:16:31 GMT-0700 (MST)
[debug] [2018-02-15T21:16:32.474Z] <<< HTTP RESPONSE 200
[info] 
=== Hosting Setup
[info] 
[info] Your public directory is the folder (relative to your project directory) that
[info] will contain Hosting assets to be uploaded with firebase deploy. If you
[info] have a build process for your assets, use your build's output directory.
[info] 
